-------------------------------------------------------------------------------
Test set: TestSuite
-------------------------------------------------------------------------------
Tests run: 2, Failures: 2, Errors: 0, Skipped: 0, Time elapsed: 10.426 s <<< FAILURE! - in TestSuite
OtodomTest.basePageNavigation[Siedlce, mazowieckie](1)  Time elapsed: 2.944 s  <<< FAILURE!
java.lang.AssertionError: expected [true] but found [false]
	at OtodomTest.basePageNavigation(OtodomTest.java:37)

OtodomTest.basePageNavigation[Ĺ�osice, Ĺ‚osicki, mazowieckie](2)  Time elapsed: 1.505 s  <<< FAILURE!
java.lang.AssertionError: expected [true] but found [false]
	at OtodomTest.basePageNavigation(OtodomTest.java:37)

